e:\github\dailyexercise\build\output\win32\debug\temp\dailyexercise\vc140.pdb
e:\github\dailyexercise\build\output\win32\debug\temp\dailyexercise\vc140.idb
e:\github\dailyexercise\build\output\win32\debug\temp\dailyexercise\dynamic_array.obj
e:\github\dailyexercise\build\output\win32\debug\temp\dailyexercise\graphic.obj
e:\github\dailyexercise\build\output\win32\debug\temp\dailyexercise\test.obj
e:\github\dailyexercise\build\output\win32\debug\temp\dailyexercise\thread_base.obj
e:\github\dailyexercise\build\output\win32\debug\temp\dailyexercise\thread_pool.obj
e:\github\dailyexercise\build\output\win32\debug\temp\dailyexercise\thread_worker.obj
e:\github\dailyexercise\build\output\win32\debug\temp\dailyexercise\trie_tree.obj
e:\github\dailyexercise\build\output\win32\debug\temp\dailyexercise\utility.obj
e:\github\dailyexercise\build\output\win32\debug\temp\dailyexercise\mutex.obj
e:\github\dailyexercise\build\output\win32\debug\dailyexercise.ilk
e:\github\dailyexercise\build\output\win32\debug\dailyexercise.exe
e:\github\dailyexercise\build\output\win32\debug\dailyexercise.pdb
e:\github\dailyexercise\build\output\win32\debug\temp\dailyexercise\dailyexercise.tlog\cl.command.1.tlog
e:\github\dailyexercise\build\output\win32\debug\temp\dailyexercise\dailyexercise.tlog\cl.read.1.tlog
e:\github\dailyexercise\build\output\win32\debug\temp\dailyexercise\dailyexercise.tlog\cl.write.1.tlog
e:\github\dailyexercise\build\output\win32\debug\temp\dailyexercise\dailyexercise.tlog\link.command.1.tlog
e:\github\dailyexercise\build\output\win32\debug\temp\dailyexercise\dailyexercise.tlog\link.read.1.tlog
e:\github\dailyexercise\build\output\win32\debug\temp\dailyexercise\dailyexercise.tlog\link.write.1.tlog
